<?xml version="1.0" encoding="UTF-8"?>
<!-- Generated by org.testng.reporters.JUnitXMLReporter -->
<testsuite hostname="DmitryFRAMEWORK" ignored="0" name="Data Provider" tests="4" failures="0" timestamp="25 Jan 2017 08:03:24 GMT" time="0.088" errors="0">
  <testcase name="TC-01.01 (Summary of 1 and 2 equals 3)" time="0.012" classname="core.TMTest"/>
  <testcase name="TC-01.02 (Summary of 3 and 4 equals 7)" time="0.003" classname="core.TMTest"/>
  <testcase name="TC-01.03 (Summary of 5 and 6 equals 11)" time="0.003" classname="core.TMTest"/>
  <testcase name="TC-01.04 (Summary of 7 and 8 equals 15)" time="0.004" classname="core.TMTest"/>
</testsuite> <!-- Data Provider -->
